ERROR - 2022-06-16 20:03:29 --> Error connecting to the database: Unknown database 'dummy_db'
CRITICAL - 2022-06-16 20:53:18 --> Call to a member function paginate() on array
in APPPATH\Controllers\Main.php on line 12.
 1 SYSTEMPATH\CodeIgniter.php(896): App\Controllers\Main->index()
 2 SYSTEMPATH\CodeIgniter.php(466): CodeIgniter\CodeIgniter->runController(Object(App\Controllers\Main))
 3 SYSTEMPATH\CodeIgniter.php(349): CodeIgniter\CodeIgniter->handleRequest(null, Object(Config\Cache), false)
 4 FCPATH\index.php(55): CodeIgniter\CodeIgniter->run()
 5 SYSTEMPATH\Commands\Server\rewrite.php(43): require_once('FCPATH\\index.php')
CRITICAL - 2022-06-16 20:55:15 --> Undefined variable $pager
in APPPATH\Views\pages\home.php on line 31.
 1 APPPATH\Views\pages\home.php(31): CodeIgniter\Debug\Exceptions->errorHandler(2, 'Undefined variable $pager', 'APPPATH\\Views\\pages\\home.php', 31)
 2 SYSTEMPATH\View\View.php(213): include('APPPATH\\Views\\pages\\home.php')
 3 SYSTEMPATH\View\View.php(216): CodeIgniter\View\View->CodeIgniter\View\{closure}()
 4 SYSTEMPATH\Common.php(1135): CodeIgniter\View\View->render('pages/home', [], true)
 5 APPPATH\Controllers\Main.php(15): view('pages/home', [...])
 6 SYSTEMPATH\CodeIgniter.php(896): App\Controllers\Main->index()
 7 SYSTEMPATH\CodeIgniter.php(466): CodeIgniter\CodeIgniter->runController(Object(App\Controllers\Main))
 8 SYSTEMPATH\CodeIgniter.php(349): CodeIgniter\CodeIgniter->handleRequest(null, Object(Config\Cache), false)
 9 FCPATH\index.php(55): CodeIgniter\CodeIgniter->run()
10 SYSTEMPATH\Commands\Server\rewrite.php(43): require_once('FCPATH\\index.php')
CRITICAL - 2022-06-16 21:02:21 --> Call to undefined method CodeIgniter\Pager\Pager::hasPrevious()
in APPPATH\Views\pages\home.php on line 32.
 1 SYSTEMPATH\View\View.php(213): include()
 2 SYSTEMPATH\View\View.php(216): CodeIgniter\View\View->CodeIgniter\View\{closure}()
 3 SYSTEMPATH\Common.php(1135): CodeIgniter\View\View->render('pages/home', [], true)
 4 APPPATH\Controllers\Main.php(15): view('pages/home', [...])
 5 SYSTEMPATH\CodeIgniter.php(896): App\Controllers\Main->index()
 6 SYSTEMPATH\CodeIgniter.php(466): CodeIgniter\CodeIgniter->runController(Object(App\Controllers\Main))
 7 SYSTEMPATH\CodeIgniter.php(349): CodeIgniter\CodeIgniter->handleRequest(null, Object(Config\Cache), false)
 8 FCPATH\index.php(55): CodeIgniter\CodeIgniter->run()
 9 SYSTEMPATH\Commands\Server\rewrite.php(43): require_once('FCPATH\\index.php')
CRITICAL - 2022-06-16 21:02:39 --> Call to undefined method CodeIgniter\Pager\Pager::hasPrevious()
in APPPATH\Views\pages\home.php on line 32.
 1 SYSTEMPATH\View\View.php(213): include()
 2 SYSTEMPATH\View\View.php(216): CodeIgniter\View\View->CodeIgniter\View\{closure}()
 3 SYSTEMPATH\Common.php(1135): CodeIgniter\View\View->render('pages/home', [], true)
 4 APPPATH\Controllers\Main.php(15): view('pages/home', [...])
 5 SYSTEMPATH\CodeIgniter.php(896): App\Controllers\Main->index()
 6 SYSTEMPATH\CodeIgniter.php(466): CodeIgniter\CodeIgniter->runController(Object(App\Controllers\Main))
 7 SYSTEMPATH\CodeIgniter.php(349): CodeIgniter\CodeIgniter->handleRequest(null, Object(Config\Cache), false)
 8 FCPATH\index.php(55): CodeIgniter\CodeIgniter->run()
 9 SYSTEMPATH\Commands\Server\rewrite.php(43): require_once('FCPATH\\index.php')
CRITICAL - 2022-06-16 21:03:53 --> Call to undefined method CodeIgniter\Pager\Pager::hasPrevious()
in APPPATH\Views\pages\home.php on line 32.
 1 SYSTEMPATH\View\View.php(213): include()
 2 SYSTEMPATH\View\View.php(216): CodeIgniter\View\View->CodeIgniter\View\{closure}()
 3 SYSTEMPATH\Common.php(1135): CodeIgniter\View\View->render('pages/home', [], true)
 4 APPPATH\Controllers\Main.php(15): view('pages/home', [...])
 5 SYSTEMPATH\CodeIgniter.php(896): App\Controllers\Main->index()
 6 SYSTEMPATH\CodeIgniter.php(466): CodeIgniter\CodeIgniter->runController(Object(App\Controllers\Main))
 7 SYSTEMPATH\CodeIgniter.php(349): CodeIgniter\CodeIgniter->handleRequest(null, Object(Config\Cache), false)
 8 FCPATH\index.php(55): CodeIgniter\CodeIgniter->run()
 9 SYSTEMPATH\Commands\Server\rewrite.php(43): require_once('FCPATH\\index.php')
CRITICAL - 2022-06-16 21:06:29 --> Call to undefined method CodeIgniter\Pager\Pager::hasPreviousPage()
in APPPATH\Views\pages\home.php on line 32.
 1 SYSTEMPATH\View\View.php(213): include()
 2 SYSTEMPATH\View\View.php(216): CodeIgniter\View\View->CodeIgniter\View\{closure}()
 3 SYSTEMPATH\Common.php(1135): CodeIgniter\View\View->render('pages/home', [], true)
 4 APPPATH\Controllers\Main.php(15): view('pages/home', [...])
 5 SYSTEMPATH\CodeIgniter.php(896): App\Controllers\Main->index()
 6 SYSTEMPATH\CodeIgniter.php(466): CodeIgniter\CodeIgniter->runController(Object(App\Controllers\Main))
 7 SYSTEMPATH\CodeIgniter.php(349): CodeIgniter\CodeIgniter->handleRequest(null, Object(Config\Cache), false)
 8 FCPATH\index.php(55): CodeIgniter\CodeIgniter->run()
 9 SYSTEMPATH\Commands\Server\rewrite.php(43): require_once('FCPATH\\index.php')
CRITICAL - 2022-06-16 21:07:01 --> Call to undefined method CodeIgniter\Pager\Pager::hasPrevious()
in APPPATH\Views\pages\home.php on line 32.
 1 SYSTEMPATH\View\View.php(213): include()
 2 SYSTEMPATH\View\View.php(216): CodeIgniter\View\View->CodeIgniter\View\{closure}()
 3 SYSTEMPATH\Common.php(1135): CodeIgniter\View\View->render('pages/home', [], true)
 4 APPPATH\Controllers\Main.php(15): view('pages/home', [...])
 5 SYSTEMPATH\CodeIgniter.php(896): App\Controllers\Main->index()
 6 SYSTEMPATH\CodeIgniter.php(466): CodeIgniter\CodeIgniter->runController(Object(App\Controllers\Main))
 7 SYSTEMPATH\CodeIgniter.php(349): CodeIgniter\CodeIgniter->handleRequest(null, Object(Config\Cache), false)
 8 FCPATH\index.php(55): CodeIgniter\CodeIgniter->run()
 9 SYSTEMPATH\Commands\Server\rewrite.php(43): require_once('FCPATH\\index.php')
CRITICAL - 2022-06-16 21:07:52 --> Call to undefined method CodeIgniter\Pager\Pager::setSurroundCount()
in APPPATH\Views\pages\home.php on line 31.
 1 SYSTEMPATH\View\View.php(213): include()
 2 SYSTEMPATH\View\View.php(216): CodeIgniter\View\View->CodeIgniter\View\{closure}()
 3 SYSTEMPATH\Common.php(1135): CodeIgniter\View\View->render('pages/home', [], true)
 4 APPPATH\Controllers\Main.php(15): view('pages/home', [...])
 5 SYSTEMPATH\CodeIgniter.php(896): App\Controllers\Main->index()
 6 SYSTEMPATH\CodeIgniter.php(466): CodeIgniter\CodeIgniter->runController(Object(App\Controllers\Main))
 7 SYSTEMPATH\CodeIgniter.php(349): CodeIgniter\CodeIgniter->handleRequest(null, Object(Config\Cache), false)
 8 FCPATH\index.php(55): CodeIgniter\CodeIgniter->run()
 9 SYSTEMPATH\Commands\Server\rewrite.php(43): require_once('FCPATH\\index.php')
CRITICAL - 2022-06-16 21:10:10 --> Call to undefined method CodeIgniter\Pager\Pager::hasPrevious()
in APPPATH\Views\pages\home.php on line 36.
 1 SYSTEMPATH\View\View.php(213): include()
 2 SYSTEMPATH\View\View.php(216): CodeIgniter\View\View->CodeIgniter\View\{closure}()
 3 SYSTEMPATH\Common.php(1135): CodeIgniter\View\View->render('pages/home', [], true)
 4 APPPATH\Controllers\Main.php(15): view('pages/home', [...])
 5 SYSTEMPATH\CodeIgniter.php(896): App\Controllers\Main->index()
 6 SYSTEMPATH\CodeIgniter.php(466): CodeIgniter\CodeIgniter->runController(Object(App\Controllers\Main))
 7 SYSTEMPATH\CodeIgniter.php(349): CodeIgniter\CodeIgniter->handleRequest(null, Object(Config\Cache), false)
 8 FCPATH\index.php(55): CodeIgniter\CodeIgniter->run()
 9 SYSTEMPATH\Commands\Server\rewrite.php(43): require_once('FCPATH\\index.php')
CRITICAL - 2022-06-16 21:13:19 --> Undefined property: CodeIgniter\Pager\Pager::$links
in APPPATH\Views\pages\home.php on line 33.
 1 APPPATH\Views\pages\home.php(33): CodeIgniter\Debug\Exceptions->errorHandler(2, 'Undefined property: CodeIgniter\\Pager\\Pager::$links', 'APPPATH\\Views\\pages\\home.php', 33)
 2 SYSTEMPATH\View\View.php(213): include('APPPATH\\Views\\pages\\home.php')
 3 SYSTEMPATH\View\View.php(216): CodeIgniter\View\View->CodeIgniter\View\{closure}()
 4 SYSTEMPATH\Common.php(1135): CodeIgniter\View\View->render('pages/home', [], true)
 5 APPPATH\Controllers\Main.php(15): view('pages/home', [...])
 6 SYSTEMPATH\CodeIgniter.php(896): App\Controllers\Main->index()
 7 SYSTEMPATH\CodeIgniter.php(466): CodeIgniter\CodeIgniter->runController(Object(App\Controllers\Main))
 8 SYSTEMPATH\CodeIgniter.php(349): CodeIgniter\CodeIgniter->handleRequest(null, Object(Config\Cache), false)
 9 FCPATH\index.php(55): CodeIgniter\CodeIgniter->run()
10 SYSTEMPATH\Commands\Server\rewrite.php(43): require_once('FCPATH\\index.php')
CRITICAL - 2022-06-16 21:13:27 --> foreach() argument must be of type array|object, string given
in APPPATH\Views\pages\home.php on line 33.
 1 APPPATH\Views\pages\home.php(33): CodeIgniter\Debug\Exceptions->errorHandler(2, 'foreach() argument must be of type array|object, string given', 'APPPATH\\Views\\pages\\home.php', 33)
 2 SYSTEMPATH\View\View.php(213): include('APPPATH\\Views\\pages\\home.php')
 3 SYSTEMPATH\View\View.php(216): CodeIgniter\View\View->CodeIgniter\View\{closure}()
 4 SYSTEMPATH\Common.php(1135): CodeIgniter\View\View->render('pages/home', [], true)
 5 APPPATH\Controllers\Main.php(15): view('pages/home', [...])
 6 SYSTEMPATH\CodeIgniter.php(896): App\Controllers\Main->index()
 7 SYSTEMPATH\CodeIgniter.php(466): CodeIgniter\CodeIgniter->runController(Object(App\Controllers\Main))
 8 SYSTEMPATH\CodeIgniter.php(349): CodeIgniter\CodeIgniter->handleRequest(null, Object(Config\Cache), false)
 9 FCPATH\index.php(55): CodeIgniter\CodeIgniter->run()
10 SYSTEMPATH\Commands\Server\rewrite.php(43): require_once('FCPATH\\index.php')
CRITICAL - 2022-06-16 21:26:28 --> Undefined variable $page
in APPPATH\Views\pages\home.php on line 31.
 1 APPPATH\Views\pages\home.php(31): CodeIgniter\Debug\Exceptions->errorHandler(2, 'Undefined variable $page', 'APPPATH\\Views\\pages\\home.php', 31)
 2 SYSTEMPATH\View\View.php(213): include('APPPATH\\Views\\pages\\home.php')
 3 SYSTEMPATH\View\View.php(216): CodeIgniter\View\View->CodeIgniter\View\{closure}()
 4 SYSTEMPATH\Common.php(1135): CodeIgniter\View\View->render('pages/home', [], true)
 5 APPPATH\Controllers\Main.php(15): view('pages/home', [...])
 6 SYSTEMPATH\CodeIgniter.php(896): App\Controllers\Main->index()
 7 SYSTEMPATH\CodeIgniter.php(466): CodeIgniter\CodeIgniter->runController(Object(App\Controllers\Main))
 8 SYSTEMPATH\CodeIgniter.php(349): CodeIgniter\CodeIgniter->handleRequest(null, Object(Config\Cache), false)
 9 FCPATH\index.php(55): CodeIgniter\CodeIgniter->run()
10 SYSTEMPATH\Commands\Server\rewrite.php(43): require_once('FCPATH\\index.php')
CRITICAL - 2022-06-16 21:32:13 --> Call to a member function setSurroundCount() on string
in APPPATH\Views\layouts\custom_pagination.php on line 1.
 1 SYSTEMPATH\View\View.php(213): include()
 2 SYSTEMPATH\View\View.php(216): CodeIgniter\View\View->CodeIgniter\View\{closure}()
 3 SYSTEMPATH\Pager\Pager.php(125): CodeIgniter\View\View->render('App\\Views\\layouts\\custom_pagination')
 4 SYSTEMPATH\Pager\Pager.php(110): CodeIgniter\Pager\Pager->displayLinks('default', 'custom_view')
 5 APPPATH\Views\pages\home.php(31): CodeIgniter\Pager\Pager->makeLinks(4, 15, 100, 'custom_view')
 6 SYSTEMPATH\View\View.php(213): include('APPPATH\\Views\\pages\\home.php')
 7 SYSTEMPATH\View\View.php(216): CodeIgniter\View\View->CodeIgniter\View\{closure}()
 8 SYSTEMPATH\Common.php(1135): CodeIgniter\View\View->render('pages/home', [], true)
 9 APPPATH\Controllers\Main.php(19): view('pages/home', [...])
10 SYSTEMPATH\CodeIgniter.php(896): App\Controllers\Main->index()
11 SYSTEMPATH\CodeIgniter.php(466): CodeIgniter\CodeIgniter->runController(Object(App\Controllers\Main))
12 SYSTEMPATH\CodeIgniter.php(349): CodeIgniter\CodeIgniter->handleRequest(null, Object(Config\Cache), false)
13 FCPATH\index.php(55): CodeIgniter\CodeIgniter->run()
14 SYSTEMPATH\Commands\Server\rewrite.php(43): require_once('FCPATH\\index.php')
CRITICAL - 2022-06-16 21:32:41 --> Undefined property: CodeIgniter\Pager\PagerRenderer::$links
in APPPATH\Views\layouts\custom_pagination.php on line 7.
 1 APPPATH\Views\layouts\custom_pagination.php(7): CodeIgniter\Debug\Exceptions->errorHandler(2, 'Undefined property: CodeIgniter\\Pager\\PagerRenderer::$links', 'APPPATH\\Views\\layouts\\custom_pagination.php', 7)
 2 SYSTEMPATH\View\View.php(213): include('APPPATH\\Views\\layouts\\custom_pagination.php')
 3 SYSTEMPATH\View\View.php(216): CodeIgniter\View\View->CodeIgniter\View\{closure}()
 4 SYSTEMPATH\Pager\Pager.php(125): CodeIgniter\View\View->render('App\\Views\\layouts\\custom_pagination')
 5 SYSTEMPATH\Pager\Pager.php(110): CodeIgniter\Pager\Pager->displayLinks('default', 'custom_view')
 6 APPPATH\Views\pages\home.php(31): CodeIgniter\Pager\Pager->makeLinks(4, 15, 100, 'custom_view')
 7 SYSTEMPATH\View\View.php(213): include('APPPATH\\Views\\pages\\home.php')
 8 SYSTEMPATH\View\View.php(216): CodeIgniter\View\View->CodeIgniter\View\{closure}()
 9 SYSTEMPATH\Common.php(1135): CodeIgniter\View\View->render('pages/home', [], true)
10 APPPATH\Controllers\Main.php(19): view('pages/home', [...])
11 SYSTEMPATH\CodeIgniter.php(896): App\Controllers\Main->index()
12 SYSTEMPATH\CodeIgniter.php(466): CodeIgniter\CodeIgniter->runController(Object(App\Controllers\Main))
13 SYSTEMPATH\CodeIgniter.php(349): CodeIgniter\CodeIgniter->handleRequest(null, Object(Config\Cache), false)
14 FCPATH\index.php(55): CodeIgniter\CodeIgniter->run()
15 SYSTEMPATH\Commands\Server\rewrite.php(43): require_once('FCPATH\\index.php')
CRITICAL - 2022-06-16 21:44:57 --> Undefined property: CodeIgniter\Pager\PagerRenderer::$details
in APPPATH\Views\layouts\custom_pagination.php on line 32.
 1 APPPATH\Views\layouts\custom_pagination.php(32): CodeIgniter\Debug\Exceptions->errorHandler(2, 'Undefined property: CodeIgniter\\Pager\\PagerRenderer::$details', 'APPPATH\\Views\\layouts\\custom_pagination.php', 32)
 2 SYSTEMPATH\View\View.php(213): include('APPPATH\\Views\\layouts\\custom_pagination.php')
 3 SYSTEMPATH\View\View.php(216): CodeIgniter\View\View->CodeIgniter\View\{closure}()
 4 SYSTEMPATH\Pager\Pager.php(125): CodeIgniter\View\View->render('App\\Views\\layouts\\custom_pagination')
 5 SYSTEMPATH\Pager\Pager.php(110): CodeIgniter\Pager\Pager->displayLinks('default', 'custom_view')
 6 APPPATH\Views\pages\home.php(31): CodeIgniter\Pager\Pager->makeLinks(1, 15, 100, 'custom_view')
 7 SYSTEMPATH\View\View.php(213): include('APPPATH\\Views\\pages\\home.php')
 8 SYSTEMPATH\View\View.php(216): CodeIgniter\View\View->CodeIgniter\View\{closure}()
 9 SYSTEMPATH\Common.php(1135): CodeIgniter\View\View->render('pages/home', [], true)
10 APPPATH\Controllers\Main.php(19): view('pages/home', [...])
11 SYSTEMPATH\CodeIgniter.php(896): App\Controllers\Main->index()
12 SYSTEMPATH\CodeIgniter.php(466): CodeIgniter\CodeIgniter->runController(Object(App\Controllers\Main))
13 SYSTEMPATH\CodeIgniter.php(349): CodeIgniter\CodeIgniter->handleRequest(null, Object(Config\Cache), false)
14 FCPATH\index.php(55): CodeIgniter\CodeIgniter->run()
15 SYSTEMPATH\Commands\Server\rewrite.php(43): require_once('FCPATH\\index.php')
CRITICAL - 2022-06-16 21:45:01 --> Call to undefined method CodeIgniter\Pager\PagerRenderer::details()
in APPPATH\Views\layouts\custom_pagination.php on line 32.
 1 SYSTEMPATH\View\View.php(213): include()
 2 SYSTEMPATH\View\View.php(216): CodeIgniter\View\View->CodeIgniter\View\{closure}()
 3 SYSTEMPATH\Pager\Pager.php(125): CodeIgniter\View\View->render('App\\Views\\layouts\\custom_pagination')
 4 SYSTEMPATH\Pager\Pager.php(110): CodeIgniter\Pager\Pager->displayLinks('default', 'custom_view')
 5 APPPATH\Views\pages\home.php(31): CodeIgniter\Pager\Pager->makeLinks(1, 15, 100, 'custom_view')
 6 SYSTEMPATH\View\View.php(213): include('APPPATH\\Views\\pages\\home.php')
 7 SYSTEMPATH\View\View.php(216): CodeIgniter\View\View->CodeIgniter\View\{closure}()
 8 SYSTEMPATH\Common.php(1135): CodeIgniter\View\View->render('pages/home', [], true)
 9 APPPATH\Controllers\Main.php(19): view('pages/home', [...])
10 SYSTEMPATH\CodeIgniter.php(896): App\Controllers\Main->index()
11 SYSTEMPATH\CodeIgniter.php(466): CodeIgniter\CodeIgniter->runController(Object(App\Controllers\Main))
12 SYSTEMPATH\CodeIgniter.php(349): CodeIgniter\CodeIgniter->handleRequest(null, Object(Config\Cache), false)
13 FCPATH\index.php(55): CodeIgniter\CodeIgniter->run()
14 SYSTEMPATH\Commands\Server\rewrite.php(43): require_once('FCPATH\\index.php')
CRITICAL - 2022-06-16 21:45:34 --> Call to undefined method CodeIgniter\Pager\PagerRenderer::getDetails()
in APPPATH\Views\layouts\custom_pagination.php on line 32.
 1 SYSTEMPATH\View\View.php(213): include()
 2 SYSTEMPATH\View\View.php(216): CodeIgniter\View\View->CodeIgniter\View\{closure}()
 3 SYSTEMPATH\Pager\Pager.php(125): CodeIgniter\View\View->render('App\\Views\\layouts\\custom_pagination')
 4 SYSTEMPATH\Pager\Pager.php(110): CodeIgniter\Pager\Pager->displayLinks('default', 'custom_view')
 5 APPPATH\Views\pages\home.php(31): CodeIgniter\Pager\Pager->makeLinks(1, 15, 100, 'custom_view')
 6 SYSTEMPATH\View\View.php(213): include('APPPATH\\Views\\pages\\home.php')
 7 SYSTEMPATH\View\View.php(216): CodeIgniter\View\View->CodeIgniter\View\{closure}()
 8 SYSTEMPATH\Common.php(1135): CodeIgniter\View\View->render('pages/home', [], true)
 9 APPPATH\Controllers\Main.php(19): view('pages/home', [...])
10 SYSTEMPATH\CodeIgniter.php(896): App\Controllers\Main->index()
11 SYSTEMPATH\CodeIgniter.php(466): CodeIgniter\CodeIgniter->runController(Object(App\Controllers\Main))
12 SYSTEMPATH\CodeIgniter.php(349): CodeIgniter\CodeIgniter->handleRequest(null, Object(Config\Cache), false)
13 FCPATH\index.php(55): CodeIgniter\CodeIgniter->run()
14 SYSTEMPATH\Commands\Server\rewrite.php(43): require_once('FCPATH\\index.php')
CRITICAL - 2022-06-16 21:46:02 --> Undefined property: CodeIgniter\Pager\PagerRenderer::$getDetails
in APPPATH\Views\layouts\custom_pagination.php on line 32.
 1 APPPATH\Views\layouts\custom_pagination.php(32): CodeIgniter\Debug\Exceptions->errorHandler(2, 'Undefined property: CodeIgniter\\Pager\\PagerRenderer::$getDetails', 'APPPATH\\Views\\layouts\\custom_pagination.php', 32)
 2 SYSTEMPATH\View\View.php(213): include('APPPATH\\Views\\layouts\\custom_pagination.php')
 3 SYSTEMPATH\View\View.php(216): CodeIgniter\View\View->CodeIgniter\View\{closure}()
 4 SYSTEMPATH\Pager\Pager.php(125): CodeIgniter\View\View->render('App\\Views\\layouts\\custom_pagination')
 5 SYSTEMPATH\Pager\Pager.php(110): CodeIgniter\Pager\Pager->displayLinks('default', 'custom_view')
 6 APPPATH\Views\pages\home.php(31): CodeIgniter\Pager\Pager->makeLinks(1, 15, 100, 'custom_view')
 7 SYSTEMPATH\View\View.php(213): include('APPPATH\\Views\\pages\\home.php')
 8 SYSTEMPATH\View\View.php(216): CodeIgniter\View\View->CodeIgniter\View\{closure}()
 9 SYSTEMPATH\Common.php(1135): CodeIgniter\View\View->render('pages/home', [], true)
10 APPPATH\Controllers\Main.php(19): view('pages/home', [...])
11 SYSTEMPATH\CodeIgniter.php(896): App\Controllers\Main->index()
12 SYSTEMPATH\CodeIgniter.php(466): CodeIgniter\CodeIgniter->runController(Object(App\Controllers\Main))
13 SYSTEMPATH\CodeIgniter.php(349): CodeIgniter\CodeIgniter->handleRequest(null, Object(Config\Cache), false)
14 FCPATH\index.php(55): CodeIgniter\CodeIgniter->run()
15 SYSTEMPATH\Commands\Server\rewrite.php(43): require_once('FCPATH\\index.php')
CRITICAL - 2022-06-16 21:48:57 --> Cannot access protected property CodeIgniter\Pager\PagerRenderer::$current
in APPPATH\Views\layouts\custom_pagination.php on line 32.
 1 SYSTEMPATH\View\View.php(213): include()
 2 SYSTEMPATH\View\View.php(216): CodeIgniter\View\View->CodeIgniter\View\{closure}()
 3 SYSTEMPATH\Pager\Pager.php(125): CodeIgniter\View\View->render('App\\Views\\layouts\\custom_pagination')
 4 SYSTEMPATH\Pager\Pager.php(110): CodeIgniter\Pager\Pager->displayLinks('default', 'custom_view')
 5 APPPATH\Views\pages\home.php(31): CodeIgniter\Pager\Pager->makeLinks(1, 15, 100, 'custom_view')
 6 SYSTEMPATH\View\View.php(213): include('APPPATH\\Views\\pages\\home.php')
 7 SYSTEMPATH\View\View.php(216): CodeIgniter\View\View->CodeIgniter\View\{closure}()
 8 SYSTEMPATH\Common.php(1135): CodeIgniter\View\View->render('pages/home', [], true)
 9 APPPATH\Controllers\Main.php(19): view('pages/home', [...])
10 SYSTEMPATH\CodeIgniter.php(896): App\Controllers\Main->index()
11 SYSTEMPATH\CodeIgniter.php(466): CodeIgniter\CodeIgniter->runController(Object(App\Controllers\Main))
12 SYSTEMPATH\CodeIgniter.php(349): CodeIgniter\CodeIgniter->handleRequest(null, Object(Config\Cache), false)
13 FCPATH\index.php(55): CodeIgniter\CodeIgniter->run()
14 SYSTEMPATH\Commands\Server\rewrite.php(43): require_once('FCPATH\\index.php')
CRITICAL - 2022-06-16 21:49:00 --> Call to undefined method CodeIgniter\Pager\PagerRenderer::current()
in APPPATH\Views\layouts\custom_pagination.php on line 32.
 1 SYSTEMPATH\View\View.php(213): include()
 2 SYSTEMPATH\View\View.php(216): CodeIgniter\View\View->CodeIgniter\View\{closure}()
 3 SYSTEMPATH\Pager\Pager.php(125): CodeIgniter\View\View->render('App\\Views\\layouts\\custom_pagination')
 4 SYSTEMPATH\Pager\Pager.php(110): CodeIgniter\Pager\Pager->displayLinks('default', 'custom_view')
 5 APPPATH\Views\pages\home.php(31): CodeIgniter\Pager\Pager->makeLinks(1, 15, 100, 'custom_view')
 6 SYSTEMPATH\View\View.php(213): include('APPPATH\\Views\\pages\\home.php')
 7 SYSTEMPATH\View\View.php(216): CodeIgniter\View\View->CodeIgniter\View\{closure}()
 8 SYSTEMPATH\Common.php(1135): CodeIgniter\View\View->render('pages/home', [], true)
 9 APPPATH\Controllers\Main.php(19): view('pages/home', [...])
10 SYSTEMPATH\CodeIgniter.php(896): App\Controllers\Main->index()
11 SYSTEMPATH\CodeIgniter.php(466): CodeIgniter\CodeIgniter->runController(Object(App\Controllers\Main))
12 SYSTEMPATH\CodeIgniter.php(349): CodeIgniter\CodeIgniter->handleRequest(null, Object(Config\Cache), false)
13 FCPATH\index.php(55): CodeIgniter\CodeIgniter->run()
14 SYSTEMPATH\Commands\Server\rewrite.php(43): require_once('FCPATH\\index.php')
CRITICAL - 2022-06-16 21:56:33 --> Undefined variable $perpage
in APPPATH\Views\layouts\custom_pagination.php on line 27.
 1 APPPATH\Views\layouts\custom_pagination.php(27): CodeIgniter\Debug\Exceptions->errorHandler(2, 'Undefined variable $perpage', 'APPPATH\\Views\\layouts\\custom_pagination.php', 27)
 2 SYSTEMPATH\View\View.php(213): include('APPPATH\\Views\\layouts\\custom_pagination.php')
 3 SYSTEMPATH\View\View.php(216): CodeIgniter\View\View->CodeIgniter\View\{closure}()
 4 SYSTEMPATH\Pager\Pager.php(125): CodeIgniter\View\View->render('App\\Views\\layouts\\custom_pagination')
 5 SYSTEMPATH\Pager\Pager.php(110): CodeIgniter\Pager\Pager->displayLinks('default', 'custom_view')
 6 APPPATH\Views\pages\home.php(31): CodeIgniter\Pager\Pager->makeLinks(2, 15, 100, 'custom_view')
 7 SYSTEMPATH\View\View.php(213): include('APPPATH\\Views\\pages\\home.php')
 8 SYSTEMPATH\View\View.php(216): CodeIgniter\View\View->CodeIgniter\View\{closure}()
 9 SYSTEMPATH\Common.php(1135): CodeIgniter\View\View->render('pages/home', [], true)
10 APPPATH\Controllers\Main.php(19): view('pages/home', [...])
11 SYSTEMPATH\CodeIgniter.php(896): App\Controllers\Main->index()
12 SYSTEMPATH\CodeIgniter.php(466): CodeIgniter\CodeIgniter->runController(Object(App\Controllers\Main))
13 SYSTEMPATH\CodeIgniter.php(349): CodeIgniter\CodeIgniter->handleRequest(null, Object(Config\Cache), false)
14 FCPATH\index.php(55): CodeIgniter\CodeIgniter->run()
15 SYSTEMPATH\Commands\Server\rewrite.php(43): require_once('FCPATH\\index.php')
ERROR - 2022-06-16 22:08:38 --> Error connecting to the database: Unknown database 'dummy_db'
CRITICAL - 2022-06-16 22:08:38 --> Unable to connect to the database.
Main connection [MySQLi]: Unknown database 'dummy_db'
in SYSTEMPATH\Database\BaseConnection.php on line 416.
 1 SYSTEMPATH\Database\BaseConnection.php(586): CodeIgniter\Database\BaseConnection->initialize()
 2 SYSTEMPATH\Database\BaseBuilder.php(1614): CodeIgniter\Database\BaseConnection->query('SELECT COUNT(*) AS `numrows` FROM `dummy_table`', null, false)
 3 SYSTEMPATH\Model.php(771): CodeIgniter\Database\BaseBuilder->countAll()
 4 APPPATH\Controllers\Main.php(14): CodeIgniter\Model->__call('countAll', [])
 5 SYSTEMPATH\CodeIgniter.php(896): App\Controllers\Main->index()
 6 SYSTEMPATH\CodeIgniter.php(466): CodeIgniter\CodeIgniter->runController(Object(App\Controllers\Main))
 7 SYSTEMPATH\CodeIgniter.php(349): CodeIgniter\CodeIgniter->handleRequest(null, Object(Config\Cache), false)
 8 FCPATH\index.php(55): CodeIgniter\CodeIgniter->run()
 9 SYSTEMPATH\Commands\Server\rewrite.php(43): require_once('FCPATH\\index.php')
