ERROR - 2022-06-22 14:00:29 --> You have an error in your SQL syntax; check the manual that corresponds to your MariaDB server version for the right syntax to use near 'spark make:migration product CHARACTER SET utf8 COLLATE utf8_general_ci' at line 1
ERROR - 2022-06-22 14:18:12 --> Error connecting to the database: Unknown database 'pos_db'
CRITICAL - 2022-06-22 14:44:03 --> Undefined array key "company_code"
in APPPATH\Views\pages\products\list.php on line 44.
 1 APPPATH\Views\pages\products\list.php(44): CodeIgniter\Debug\Exceptions->errorHandler(2, 'Undefined array key "company_code"', 'APPPATH\\Views\\pages\\products\\list.php', 44)
 2 SYSTEMPATH\View\View.php(213): include('APPPATH\\Views\\pages\\products\\list.php')
 3 SYSTEMPATH\View\View.php(216): CodeIgniter\View\View->CodeIgniter\View\{closure}()
 4 SYSTEMPATH\Common.php(1135): CodeIgniter\View\View->render('pages/products/list', [], true)
 5 APPPATH\Controllers\Main.php(120): view('pages/products/list', [...])
 6 SYSTEMPATH\CodeIgniter.php(896): App\Controllers\Main->products()
 7 SYSTEMPATH\CodeIgniter.php(466): CodeIgniter\CodeIgniter->runController(Object(App\Controllers\Main))
 8 SYSTEMPATH\CodeIgniter.php(349): CodeIgniter\CodeIgniter->handleRequest(null, Object(Config\Cache), false)
 9 FCPATH\index.php(55): CodeIgniter\CodeIgniter->run()
CRITICAL - 2022-06-22 14:56:18 --> Invalid file: pages/poss/add.php
in SYSTEMPATH\Exceptions\FrameworkException.php on line 33.
 1 SYSTEMPATH\View\View.php(201): CodeIgniter\Exceptions\FrameworkException::forInvalidFile('pages/poss/add.php')
 2 SYSTEMPATH\Common.php(1135): CodeIgniter\View\View->render('pages/poss/add', [], true)
 3 APPPATH\Controllers\Main.php(193): view('pages/poss/add', [...])
 4 SYSTEMPATH\CodeIgniter.php(896): App\Controllers\Main->pos()
 5 SYSTEMPATH\CodeIgniter.php(466): CodeIgniter\CodeIgniter->runController(Object(App\Controllers\Main))
 6 SYSTEMPATH\CodeIgniter.php(349): CodeIgniter\CodeIgniter->handleRequest(null, Object(Config\Cache), false)
 7 FCPATH\index.php(55): CodeIgniter\CodeIgniter->run()
ERROR - 2022-06-22 16:13:21 --> Unknown table 'pos_db.transaction_items'
CRITICAL - 2022-06-22 16:20:41 --> Array to string conversion
in APPPATH\Controllers\Main.php on line 204.
 1 APPPATH\Controllers\Main.php(204): CodeIgniter\Debug\Exceptions->errorHandler(2, 'Array to string conversion', 'APPPATH\\Controllers\\Main.php', 204)
 2 SYSTEMPATH\CodeIgniter.php(896): App\Controllers\Main->save_transaction()
 3 SYSTEMPATH\CodeIgniter.php(466): CodeIgniter\CodeIgniter->runController(Object(App\Controllers\Main))
 4 SYSTEMPATH\CodeIgniter.php(349): CodeIgniter\CodeIgniter->handleRequest(null, Object(Config\Cache), false)
 5 FCPATH\index.php(55): CodeIgniter\CodeIgniter->run()
CRITICAL - 2022-06-22 16:21:00 --> Array to string conversion
in APPPATH\Controllers\Main.php on line 204.
 1 APPPATH\Controllers\Main.php(204): CodeIgniter\Debug\Exceptions->errorHandler(2, 'Array to string conversion', 'APPPATH\\Controllers\\Main.php', 204)
 2 SYSTEMPATH\CodeIgniter.php(896): App\Controllers\Main->save_transaction()
 3 SYSTEMPATH\CodeIgniter.php(466): CodeIgniter\CodeIgniter->runController(Object(App\Controllers\Main))
 4 SYSTEMPATH\CodeIgniter.php(349): CodeIgniter\CodeIgniter->handleRequest(null, Object(Config\Cache), false)
 5 FCPATH\index.php(55): CodeIgniter\CodeIgniter->run()
CRITICAL - 2022-06-22 16:23:05 --> Array to string conversion
in APPPATH\Controllers\Main.php on line 204.
 1 APPPATH\Controllers\Main.php(204): CodeIgniter\Debug\Exceptions->errorHandler(2, 'Array to string conversion', 'APPPATH\\Controllers\\Main.php', 204)
 2 SYSTEMPATH\CodeIgniter.php(896): App\Controllers\Main->save_transaction()
 3 SYSTEMPATH\CodeIgniter.php(466): CodeIgniter\CodeIgniter->runController(Object(App\Controllers\Main))
 4 SYSTEMPATH\CodeIgniter.php(349): CodeIgniter\CodeIgniter->handleRequest(null, Object(Config\Cache), false)
 5 FCPATH\index.php(55): CodeIgniter\CodeIgniter->run()
CRITICAL - 2022-06-22 16:25:25 --> Array to string conversion
in APPPATH\Controllers\Main.php on line 204.
 1 APPPATH\Controllers\Main.php(204): CodeIgniter\Debug\Exceptions->errorHandler(2, 'Array to string conversion', 'APPPATH\\Controllers\\Main.php', 204)
 2 SYSTEMPATH\CodeIgniter.php(896): App\Controllers\Main->save_transaction()
 3 SYSTEMPATH\CodeIgniter.php(466): CodeIgniter\CodeIgniter->runController(Object(App\Controllers\Main))
 4 SYSTEMPATH\CodeIgniter.php(349): CodeIgniter\CodeIgniter->handleRequest(null, Object(Config\Cache), false)
 5 FCPATH\index.php(55): CodeIgniter\CodeIgniter->run()
ERROR - 2022-06-22 16:37:55 --> FUNCTION pos_db.COALESE does not exist
CRITICAL - 2022-06-22 16:37:55 --> FUNCTION pos_db.COALESE does not exist
in SYSTEMPATH\Database\MySQLi\Connection.php on line 292.
 1 SYSTEMPATH\Database\MySQLi\Connection.php(292): mysqli->query('SELECT `transactions`.*, COALESE((SELECT SUM(transaction_items.quantity) FROM transaction_items where transaction_id = transactions.id ), 0) as total_items
FROM `transactions`
 LIMIT 10', 0)
 2 SYSTEMPATH\Database\BaseConnection.php(695): CodeIgniter\Database\MySQLi\Connection->execute('SELECT `transactions`.*, COALESE((SELECT SUM(transaction_items.quantity) FROM transaction_items where transaction_id = transactions.id ), 0) as total_items
FROM `transactions`
 LIMIT 10')
 3 SYSTEMPATH\Database\BaseConnection.php(609): CodeIgniter\Database\BaseConnection->simpleQuery('SELECT `transactions`.*, COALESE((SELECT SUM(transaction_items.quantity) FROM transaction_items where transaction_id = transactions.id ), 0) as total_items
FROM `transactions`
 LIMIT 10')
 4 SYSTEMPATH\Database\BaseBuilder.php(1585): CodeIgniter\Database\BaseConnection->query('SELECT `transactions`.*, COALESE((SELECT SUM(transaction_items.quantity) FROM transaction_items where transaction_id = transactions.id ), 0) as total_items
FROM `transactions`
 LIMIT 10', [], false)
 5 SYSTEMPATH\Model.php(222): CodeIgniter\Database\BaseBuilder->get()
 6 SYSTEMPATH\BaseModel.php(584): CodeIgniter\Model->doFindAll(10, 0)
 7 SYSTEMPATH\BaseModel.php(1088): CodeIgniter\BaseModel->findAll(10, 0)
 8 APPPATH\Controllers\Main.php(240): CodeIgniter\BaseModel->paginate(10)
 9 SYSTEMPATH\CodeIgniter.php(896): App\Controllers\Main->transactions()
10 SYSTEMPATH\CodeIgniter.php(466): CodeIgniter\CodeIgniter->runController(Object(App\Controllers\Main))
11 SYSTEMPATH\CodeIgniter.php(349): CodeIgniter\CodeIgniter->handleRequest(null, Object(Config\Cache), false)
12 FCPATH\index.php(55): CodeIgniter\CodeIgniter->run()
CRITICAL - 2022-06-22 16:38:12 --> Undefined array key "products"
in APPPATH\Controllers\Main.php on line 241.
 1 APPPATH\Controllers\Main.php(241): CodeIgniter\Debug\Exceptions->errorHandler(2, 'Undefined array key "products"', 'APPPATH\\Controllers\\Main.php', 241)
 2 SYSTEMPATH\CodeIgniter.php(896): App\Controllers\Main->transactions()
 3 SYSTEMPATH\CodeIgniter.php(466): CodeIgniter\CodeIgniter->runController(Object(App\Controllers\Main))
 4 SYSTEMPATH\CodeIgniter.php(349): CodeIgniter\CodeIgniter->handleRequest(null, Object(Config\Cache), false)
 5 FCPATH\index.php(55): CodeIgniter\CodeIgniter->run()
CRITICAL - 2022-06-22 16:38:37 --> Invalid file: pages/transaction/list.php
in SYSTEMPATH\Exceptions\FrameworkException.php on line 33.
 1 SYSTEMPATH\View\View.php(201): CodeIgniter\Exceptions\FrameworkException::forInvalidFile('pages/transaction/list.php')
 2 SYSTEMPATH\Common.php(1135): CodeIgniter\View\View->render('pages/transaction/list', [], true)
 3 APPPATH\Controllers\Main.php(243): view('pages/transaction/list', [...])
 4 SYSTEMPATH\CodeIgniter.php(896): App\Controllers\Main->transactions()
 5 SYSTEMPATH\CodeIgniter.php(466): CodeIgniter\CodeIgniter->runController(Object(App\Controllers\Main))
 6 SYSTEMPATH\CodeIgniter.php(349): CodeIgniter\CodeIgniter->handleRequest(null, Object(Config\Cache), false)
 7 FCPATH\index.php(55): CodeIgniter\CodeIgniter->run()
CRITICAL - 2022-06-22 16:38:49 --> Invalid file: pages/transactions/list.php
in SYSTEMPATH\Exceptions\FrameworkException.php on line 33.
 1 SYSTEMPATH\View\View.php(201): CodeIgniter\Exceptions\FrameworkException::forInvalidFile('pages/transactions/list.php')
 2 SYSTEMPATH\Common.php(1135): CodeIgniter\View\View->render('pages/transactions/list', [], true)
 3 APPPATH\Controllers\Main.php(243): view('pages/transactions/list', [...])
 4 SYSTEMPATH\CodeIgniter.php(896): App\Controllers\Main->transactions()
 5 SYSTEMPATH\CodeIgniter.php(466): CodeIgniter\CodeIgniter->runController(Object(App\Controllers\Main))
 6 SYSTEMPATH\CodeIgniter.php(349): CodeIgniter\CodeIgniter->handleRequest(null, Object(Config\Cache), false)
 7 FCPATH\index.php(55): CodeIgniter\CodeIgniter->run()
CRITICAL - 2022-06-22 16:38:53 --> Undefined variable $products
in APPPATH\Views\pages\pos\list.php on line 34.
 1 APPPATH\Views\pages\pos\list.php(34): CodeIgniter\Debug\Exceptions->errorHandler(2, 'Undefined variable $products', 'APPPATH\\Views\\pages\\pos\\list.php', 34)
 2 SYSTEMPATH\View\View.php(213): include('APPPATH\\Views\\pages\\pos\\list.php')
 3 SYSTEMPATH\View\View.php(216): CodeIgniter\View\View->CodeIgniter\View\{closure}()
 4 SYSTEMPATH\Common.php(1135): CodeIgniter\View\View->render('pages/pos/list', [], true)
 5 APPPATH\Controllers\Main.php(243): view('pages/pos/list', [...])
 6 SYSTEMPATH\CodeIgniter.php(896): App\Controllers\Main->transactions()
 7 SYSTEMPATH\CodeIgniter.php(466): CodeIgniter\CodeIgniter->runController(Object(App\Controllers\Main))
 8 SYSTEMPATH\CodeIgniter.php(349): CodeIgniter\CodeIgniter->handleRequest(null, Object(Config\Cache), false)
 9 FCPATH\index.php(55): CodeIgniter\CodeIgniter->run()
CRITICAL - 2022-06-22 16:49:52 --> Undefined property: App\Controllers\Main::$tran_modal
in APPPATH\Controllers\Main.php on line 265.
 1 APPPATH\Controllers\Main.php(265): CodeIgniter\Debug\Exceptions->errorHandler(2, 'Undefined property: App\\Controllers\\Main::$tran_modal', 'APPPATH\\Controllers\\Main.php', 265)
 2 SYSTEMPATH\CodeIgniter.php(896): App\Controllers\Main->transaction_view('1')
 3 SYSTEMPATH\CodeIgniter.php(466): CodeIgniter\CodeIgniter->runController(Object(App\Controllers\Main))
 4 SYSTEMPATH\CodeIgniter.php(349): CodeIgniter\CodeIgniter->handleRequest(null, Object(Config\Cache), false)
 5 FCPATH\index.php(55): CodeIgniter\CodeIgniter->run()
CRITICAL - 2022-06-22 16:52:41 --> Undefined array key "cusomer"
in APPPATH\Views\pages\pos\view.php on line 25.
 1 APPPATH\Views\pages\pos\view.php(25): CodeIgniter\Debug\Exceptions->errorHandler(2, 'Undefined array key "cusomer"', 'APPPATH\\Views\\pages\\pos\\view.php', 25)
 2 SYSTEMPATH\View\View.php(213): include('APPPATH\\Views\\pages\\pos\\view.php')
 3 SYSTEMPATH\View\View.php(216): CodeIgniter\View\View->CodeIgniter\View\{closure}()
 4 SYSTEMPATH\Common.php(1135): CodeIgniter\View\View->render('pages/pos/view', [], true)
 5 APPPATH\Controllers\Main.php(271): view('pages/pos/view', [...])
 6 SYSTEMPATH\CodeIgniter.php(896): App\Controllers\Main->transaction_view('1')
 7 SYSTEMPATH\CodeIgniter.php(466): CodeIgniter\CodeIgniter->runController(Object(App\Controllers\Main))
 8 SYSTEMPATH\CodeIgniter.php(349): CodeIgniter\CodeIgniter->handleRequest(null, Object(Config\Cache), false)
 9 FCPATH\index.php(55): CodeIgniter\CodeIgniter->run()
ERROR - 2022-06-22 16:58:22 --> Unknown column 'p.id' in 'on clause'
CRITICAL - 2022-06-22 16:58:22 --> Unknown column 'p.id' in 'on clause'
in SYSTEMPATH\Database\MySQLi\Connection.php on line 292.
 1 SYSTEMPATH\Database\MySQLi\Connection.php(292): mysqli->query('SELECT `transaction_items`.*, CONCAT(products.code, \'-\', products.name) as product
FROM `transaction_items`
INNER JOIN `products` ON `transaction_items`.`product_id` = `p`.`id`
WHERE `transaction_id` = \'1\'', 0)
 2 SYSTEMPATH\Database\BaseConnection.php(695): CodeIgniter\Database\MySQLi\Connection->execute('SELECT `transaction_items`.*, CONCAT(products.code, \'-\', products.name) as product
FROM `transaction_items`
INNER JOIN `products` ON `transaction_items`.`product_id` = `p`.`id`
WHERE `transaction_id` = \'1\'')
 3 SYSTEMPATH\Database\BaseConnection.php(609): CodeIgniter\Database\BaseConnection->simpleQuery('SELECT `transaction_items`.*, CONCAT(products.code, \'-\', products.name) as product
FROM `transaction_items`
INNER JOIN `products` ON `transaction_items`.`product_id` = `p`.`id`
WHERE `transaction_id` = \'1\'')
 4 SYSTEMPATH\Database\BaseBuilder.php(1585): CodeIgniter\Database\BaseConnection->query('SELECT `transaction_items`.*, CONCAT(products.code, \'-\', products.name) as product
FROM `transaction_items`
INNER JOIN `products` ON `transaction_items`.`product_id` = `p`.`id`
WHERE `transaction_id` = :transaction_id:', [...], false)
 5 SYSTEMPATH\Model.php(222): CodeIgniter\Database\BaseBuilder->get()
 6 SYSTEMPATH\BaseModel.php(584): CodeIgniter\Model->doFindAll(0, 0)
 7 APPPATH\Controllers\Main.php(274): CodeIgniter\BaseModel->findAll()
 8 SYSTEMPATH\CodeIgniter.php(896): App\Controllers\Main->transaction_view('1')
 9 SYSTEMPATH\CodeIgniter.php(466): CodeIgniter\CodeIgniter->runController(Object(App\Controllers\Main))
10 SYSTEMPATH\CodeIgniter.php(349): CodeIgniter\CodeIgniter->handleRequest(null, Object(Config\Cache), false)
11 FCPATH\index.php(55): CodeIgniter\CodeIgniter->run()
CRITICAL - 2022-06-22 17:00:27 --> Undefined variable $total_amount
in APPPATH\Views\pages\pos\view.php on line 60.
 1 APPPATH\Views\pages\pos\view.php(60): CodeIgniter\Debug\Exceptions->errorHandler(2, 'Undefined variable $total_amount', 'APPPATH\\Views\\pages\\pos\\view.php', 60)
 2 SYSTEMPATH\View\View.php(213): include('APPPATH\\Views\\pages\\pos\\view.php')
 3 SYSTEMPATH\View\View.php(216): CodeIgniter\View\View->CodeIgniter\View\{closure}()
 4 SYSTEMPATH\Common.php(1135): CodeIgniter\View\View->render('pages/pos/view', [], true)
 5 APPPATH\Controllers\Main.php(275): view('pages/pos/view', [...])
 6 SYSTEMPATH\CodeIgniter.php(896): App\Controllers\Main->transaction_view('1')
 7 SYSTEMPATH\CodeIgniter.php(466): CodeIgniter\CodeIgniter->runController(Object(App\Controllers\Main))
 8 SYSTEMPATH\CodeIgniter.php(349): CodeIgniter\CodeIgniter->handleRequest(null, Object(Config\Cache), false)
 9 FCPATH\index.php(55): CodeIgniter\CodeIgniter->run()
CRITICAL - 2022-06-22 17:00:38 --> Undefined variable $tendered
in APPPATH\Views\pages\pos\view.php on line 64.
 1 APPPATH\Views\pages\pos\view.php(64): CodeIgniter\Debug\Exceptions->errorHandler(2, 'Undefined variable $tendered', 'APPPATH\\Views\\pages\\pos\\view.php', 64)
 2 SYSTEMPATH\View\View.php(213): include('APPPATH\\Views\\pages\\pos\\view.php')
 3 SYSTEMPATH\View\View.php(216): CodeIgniter\View\View->CodeIgniter\View\{closure}()
 4 SYSTEMPATH\Common.php(1135): CodeIgniter\View\View->render('pages/pos/view', [], true)
 5 APPPATH\Controllers\Main.php(275): view('pages/pos/view', [...])
 6 SYSTEMPATH\CodeIgniter.php(896): App\Controllers\Main->transaction_view('1')
 7 SYSTEMPATH\CodeIgniter.php(466): CodeIgniter\CodeIgniter->runController(Object(App\Controllers\Main))
 8 SYSTEMPATH\CodeIgniter.php(349): CodeIgniter\CodeIgniter->handleRequest(null, Object(Config\Cache), false)
 9 FCPATH\index.php(55): CodeIgniter\CodeIgniter->run()
